0000			E1 EQU 50		; directiva
0000			   ORG $4000		; directiva
4000			E5 EQU 15		; directiva
4000	06 00 32		   JMP E1		; EXT
4003	06 40 51		   JMP E4		; EXT
4006	26 00		E2 BNE $0		; invalido
4008	18 26 00 00		   LBNE 0		; REL
400c	25 06		   BCS E2		; REL
400e	25 51		   BCS E4		; REL
4010	18 26 00 32		   LBNE E1		; REL
4014	18 26 40 51		E3 LBNE E4		; REL
4018	04 90 eb		   IBEQ A, E2		; REL9
401b	04 91 e8		   IBEQ B, E2		; REL9
401e	04 80 30		   IBEQ A, E4		; REL9
4021	04 81 2d		   IBEQ B, E4		; REL9
4024	06 00 0f		   JMP E5		; EXT
4027	18 26 00 0f		   LBNE E5		; REL
402b			   ORG $4050		; directiva
4050	001e 		   DC.B 30		; directiva
4051			E4  END		; directiva
