0000			E3  EQU     50		; directiva
0000			    ORG     $4000		; directiva
4000			E2  EQU     15		; directiva
4000	89 ii		    ADCA    #15		; IMM
4002	99 dd		    ADCA    15		; DIR
4004			    START		; directiva
0000	99 dd		    ADCA    150		; DIR
0002	B9 hh ll		    ADCA    1500		; EXT
0005	C3 jj kk		    ADDD    #10		; IMM
0008	D3 dd		    ADDD    10		; DIR
000a	00 		    DC.B		; directiva
000b	0a 		    DC.B    10		; directiva
0015	0a 0b 		    DC.B    10,11		; directiva
002a	00 00 00 00 00 00 00 00 00 00 		    BSZ     10		; directiva
0034	02 02 02 		    FILL    2,3		; directiva
0037	0000 		    DC.W		; directiva
0039	0001 0002 		    DC.W    1,2		; directiva
003c	48 4f 4c 41 		    FCC     /HOLA/		; directiva
0040	0a		    FCB     10		; directiva
0041			E1  END		; directiva
